<?xml version="1.0" encoding="UTF-8"?>
<testng-results ignored="0" total="1" passed="1" failed="0" skipped="0">
  <reporter-output>
  </reporter-output>
  <suite started-at="2021-03-27T02:32:04Z" name="ShippingPaymentTest Suite" finished-at="2021-03-27T02:33:55Z" duration-ms="110909">
    <groups>
    </groups>
    <test started-at="2021-03-27T02:32:04Z" name="OnlineShopping" finished-at="2021-03-27T02:33:55Z" duration-ms="110909">
      <class name="com.qa.testcases.ShippingPaymentPageTest">
        <test-method is-config="true" signature="setUp()[pri:0, instance:com.qa.testcases.ShippingPaymentPageTest@65d09a04]" started-at="2021-03-27T08:02:04Z" name="setUp" finished-at="2021-03-27T08:02:17Z" duration-ms="13200" status="PASS">
          <reporter-output>
          </reporter-output>
        </test-method> <!-- setUp -->
        <test-method signature="verifyShippingPayment()[pri:0, instance:com.qa.testcases.ShippingPaymentPageTest@65d09a04]" started-at="2021-03-27T08:02:17Z" name="verifyShippingPayment" finished-at="2021-03-27T08:03:54Z" duration-ms="97084" status="PASS">
          <reporter-output>
          </reporter-output>
        </test-method> <!-- verifyShippingPayment -->
        <test-method is-config="true" signature="tearDown()[pri:0, instance:com.qa.testcases.ShippingPaymentPageTest@65d09a04]" started-at="2021-03-27T08:03:54Z" name="tearDown" finished-at="2021-03-27T08:03:55Z" duration-ms="614" status="PASS">
          <reporter-output>
          </reporter-output>
        </test-method> <!-- tearDown -->
      </class> <!-- com.qa.testcases.ShippingPaymentPageTest -->
    </test> <!-- OnlineShopping -->
  </suite> <!-- ShippingPaymentTest Suite -->
</testng-results>
